app/build/outputs/mapping/release/seeds.txt
com.acms.cinemeteor.ProfileActivity
com.acms.cinemeteor.viewmodel.MovieViewModel
com.acms.cinemeteor.SplashScreen
com.acms.cinemeteor.LoginActivity
com.acms.cinemeteor.FavouriteActivity
com.acms.cinemeteor.FilmActivity
com.acms.cinemeteor.SignupActivity
com.acms.cinemeteor.api.TMDBApiService
com.acms.cinemeteor.Notification.NotificationsActivity
com.acms.cinemeteor.Notification.MyFirebaseMessagingService
com.acms.cinemeteor.MainActivity
com.acms.cinemeteor.CreateAccountActivity
com.acms.cinemeteor.CloudSavedActivity
com.acms.cinemeteor.AboutActivity
com.acms.cinemeteor.EditProfileActivity
com.acms.cinemeteor.models.Movie: android.os.Parcelable$Creator CREATOR
com.acms.cinemeteor.Notification.NotificationsActivity: NotificationsActivity()
com.acms.cinemeteor.FilmActivity: FilmActivity()
com.acms.cinemeteor.EditProfileActivity: EditProfileActivity()
com.acms.cinemeteor.api.TMDBApiService: java.lang.Object getTrendingMovies(java.lang.String,int,java.lang.String,kotlin.coroutines.Continuation)
com.acms.cinemeteor.api.TMDBApiService: java.lang.Object getUpcomingMovies(java.lang.String,int,java.lang.String,kotlin.coroutines.Continuation)
com.acms.cinemeteor.api.TMDBApiService: java.lang.Object getPopularMovies(java.lang.String,int,java.lang.String,kotlin.coroutines.Continuation)
com.acms.cinemeteor.SplashScreen: SplashScreen()
com.acms.cinemeteor.CloudSavedActivity: CloudSavedActivity()
com.acms.cinemeteor.api.TMDBApiService: java.lang.Object getMovieDetails(int,java.lang.String,java.lang.String,kotlin.coroutines.Continuation)
com.acms.cinemeteor.Notification.MyFirebaseMessagingService: MyFirebaseMessagingService()
com.acms.cinemeteor.AboutActivity: AboutActivity()
com.acms.cinemeteor.api.TMDBApiService: java.lang.Object getMovieVideos(int,java.lang.String,java.lang.String,kotlin.coroutines.Continuation)
com.acms.cinemeteor.StrengthLevel: com.acms.cinemeteor.StrengthLevel valueOf(java.lang.String)
com.acms.cinemeteor.api.TMDBApiService: java.lang.Object searchMovies(java.lang.String,java.lang.String,int,java.lang.String,kotlin.coroutines.Continuation)
com.acms.cinemeteor.ProfileActivity: ProfileActivity()
com.acms.cinemeteor.CreateAccountActivity: CreateAccountActivity()
com.acms.cinemeteor.FavouriteActivity: FavouriteActivity()
com.acms.cinemeteor.StrengthLevel: com.acms.cinemeteor.StrengthLevel[] values()
com.acms.cinemeteor.api.TMDBApiService: java.lang.Object getSimilarMovies(int,java.lang.String,int,java.lang.String,kotlin.coroutines.Continuation)
com.acms.cinemeteor.api.TMDBApiService: java.lang.Object getMovieReviews(int,java.lang.String,int,java.lang.String,kotlin.coroutines.Continuation)
com.acms.cinemeteor.viewmodel.MovieViewModel: MovieViewModel(android.app.Application)
com.acms.cinemeteor.MainActivity: MainActivity()
com.acms.cinemeteor.SignupActivity: SignupActivity()
com.acms.cinemeteor.LoginActivity: LoginActivity()
...
com.google.android.gms.internal.measurement.zzpe: long zzz()
com.google.android.gms.internal.measurement.zzal: int hashCode()
androidx.vectordrawable.graphics.drawable.VectorDrawableCompat$VFullPath: float getFillAlpha()
com.google.android.gms.internal.fido.zzbs: java.lang.Object zza()
com.google.android.gms.internal.measurement.zzib: void zzm(java.lang.Iterable)
com.google.android.gms.internal.measurement.zzpt: boolean zzb()
kotlin.jvm.internal.CallableReference: java.util.List getParameters()
com.google.android.recaptcha.internal.zzft: com.google.android.recaptcha.internal.zzhx zzb(com.google.android.recaptcha.internal.zzft)
com.google.android.gms.internal.firebase-auth-api.zzamt: zzamt()
com.google.android.gms.internal.firebase-auth-api.zzaaq: java.lang.String zzf()
com.google.android.gms.internal.firebase-auth-api.zzud: com.google.android.gms.internal.firebase-auth-api.zzud zzc()
com.google.android.gms.internal.fido.zzhi: int compareTo(java.lang.Object)
com.google.android.gms.internal.auth.zzgi: void zzg(java.lang.Object,byte[],int,int,com.google.android.gms.internal.auth.zzdt)
androidx.credentials.playservices.controllers.CreatePublicKeyCredential.PublicKeyCredentialControllerUtility$Companion: java.lang.String b64Encode(byte[])
com.google.android.gms.internal.firebase-auth-api.zzakn$zza: void zzg(int,int)
androidx.compose.ui.platform.AndroidComposeView: androidx.compose.ui.autofill.AutofillManager getAutofillManager()
com.google.android.gms.internal.firebase-auth-api.zzanz$zzc: void zza(java.lang.Object,long,float)
com.google.android.gms.internal.measurement.zzou: com.google.android.gms.internal.measurement.zzou[] values()
com.google.firebase.installations.FirebaseInstallationsRegistrar: com.google.firebase.installations.FirebaseInstallationsApi lambda$getComponents$0(com.google.firebase.components.ComponentContainer)
com.google.android.gms.fido.fido2.api.common.ResidentKeyRequirement: com.google.android.gms.fido.fido2.api.common.ResidentKeyRequirement[] values()
com.google.android.recaptcha.internal.zzbh: java.lang.Object invokeSuspend(java.lang.Object)
com.google.android.gms.internal.firebase-auth-api.zzakn$zzc: void zzb(int,com.google.android.gms.internal.firebase-auth-api.zzamm)
com.google.android.gms.internal.firebase-auth-api.zzjf: zzjf(int,com.google.android.gms.internal.firebase-auth-api.zzjf$zza,com.google.android.gms.internal.firebase-auth-api.zzji)
com.google.android.gms.internal.firebase-auth-api.zzao: com.google.android.gms.internal.firebase-auth-api.zzao zza(java.lang.Iterable)
com.google.android.recaptcha.internal.zztn: zztn()
okhttp3.CertificatePinner$Builder: CertificatePinner$Builder()
com.google.android.gms.tasks.zzz: zzz(com.google.android.gms.tasks.zzw,java.util.concurrent.Callable)
androidx.appcompat.widget.Toolbar: java.util.ArrayList getCurrentMenuItems()
com.google.android.gms.internal.measurement.zzfa: void onActivityPaused(android.app.Activity)
androidx.appcompat.view.menu.ActionMenuItemView: ActionMenuItemView(android.content.Context,android.util.AttributeSet)
com.google.android.gms.internal.firebase-auth-api.zzamn: java.lang.String zza(com.google.android.gms.internal.firebase-auth-api.zzamm,java.lang.String)
com.google.android.gms.internal.firebase-auth-api.zzacy: void zza(com.google.android.gms.tasks.TaskCompletionSource,com.google.android.gms.internal.firebase-auth-api.zzaeo)
com.google.android.recaptcha.internal.zzb: zzb(com.google.android.recaptcha.internal.zze,java.lang.String,kotlin.coroutines.Continuation)
com.google.android.gms.internal.firebase-auth-api.zzahk: java.lang.String zzg()
com.google.android.gms.internal.fido.zzcv: com.google.android.gms.internal.fido.zzck zzf()
com.google.android.gms.internal.firebase-auth-api.zzqh: java.util.Map zzd(com.google.android.gms.internal.firebase-auth-api.zzqh)
com.google.android.gms.internal.firebase-auth-api.zzqh: com.google.android.gms.internal.firebase-auth-api.zzqh zza(com.google.android.gms.internal.firebase-auth-api.zzph)